{"/Users/chris/awsprojects/typescript-api/test/mock/apigateway.mock.ts": {"path":"/Users/chris/awsprojects/typescript-api/test/mock/apigateway.mock.ts","statementMap":{"0":{"start":{"line":24,"column":41},"end":{"line":43,"column":1}},"1":{"start":{"line":27,"column":40},"end":{"line":40,"column":4}},"2":{"start":{"line":42,"column":2},"end":{"line":42,"column":43}},"3":{"start":{"line":24,"column":13},"end":{"line":24,"column":41}}},"fnMap":{"0":{"name":"(anonymous_0)","decl":{"start":{"line":24,"column":41},"end":{"line":24,"column":null}},"loc":{"start":{"line":26,"column":21},"end":{"line":43,"column":1}}}},"branchMap":{"0":{"loc":{"start":{"line":25,"column":2},"end":{"line":25,"column":42}},"type":"default-arg","locations":[{"start":{"line":25,"column":40},"end":{"line":25,"column":42}}]}},"s":{"0":1,"1":1,"2":1,"3":1},"f":{"0":1},"b":{"0":[1]}}
}
